# JRE version: Java(TM) SE Runtime Environment (17.0.7+8) (build 17.0.7+8-LTS-224)
# Java VM: Java HotSpot(TM) 64-Bit Server VM (17.0.7+8-LTS-224, mixed mode, sharing, tiered, compressed oops, compressed class ptrs, g1 gc, windows-amd64)
GC Precious Log:
 CPUs: 16 total, 16 available
 Memory: 32455M
 Large Page Support: Disabled
 NUMA Support: Disabled
 Compressed Oops: Enabled (Zero based)
 Heap Region Size: 8M
 Heap Min Capacity: 1G
 Heap Initial Capacity: 1G
 Heap Max Capacity: 16G
 Pre-touch: Disabled
 Parallel Workers: 13
 Concurrent Workers: 3
 Concurrent Refinement Workers: 13
 Periodic GC: Disabled
Heap:
 garbage-first heap   total 1064960K, used 594402K [0x0000000400000000, 0x0000000800000000)
  region size 8192K, 29 young (237568K), 0 survivors (0K)
 Metaspace       used 21812K, committed 22272K, reserved 1073152K
  class space    used 2453K, committed 2688K, reserved 1048576K
GC Heap History (20 events):
Event: 131.591 GC heap before
{Heap before GC invocations=59 (full 24):
 garbage-first heap   total 1048576K, used 889328K [0x0000000400000000, 0x0000000800000000)
  region size 8192K, 74 young (606208K), 1 survivors (8192K)
 Metaspace       used 21743K, committed 22208K, reserved 1073152K
  class space    used 2450K, committed 2688K, reserved 1048576K
}
Event: 131.593 GC heap after
{Heap after GC invocations=60 (full 24):
 garbage-first heap   total 1048576K, used 291306K [0x0000000400000000, 0x0000000800000000)
  region size 8192K, 1 young (8192K), 1 survivors (8192K)
 Metaspace       used 21743K, committed 22208K, reserved 1073152K
  class space    used 2450K, committed 2688K, reserved 1048576K
}
Event: 131.605 GC heap before
{Heap before GC invocations=60 (full 24):
 garbage-first heap   total 1048576K, used 332266K [0x0000000400000000, 0x0000000800000000)
  region size 8192K, 5 young (40960K), 1 survivors (8192K)
 Metaspace       used 21743K, committed 22208K, reserved 1073152K
  class space    used 2450K, committed 2688K, reserved 1048576K
}
Event: 131.614 GC heap after
{Heap after GC invocations=61 (full 25):
 garbage-first heap   total 1048576K, used 266720K [0x0000000400000000, 0x0000000800000000)
  region size 8192K, 0 young (0K), 0 survivors (0K)
 Metaspace       used 21743K, committed 22208K, reserved 1073152K
  class space    used 2450K, committed 2688K, reserved 1048576K
}
Event: 131.896 GC heap before
{Heap before GC invocations=61 (full 25):
 garbage-first heap   total 1048576K, used 995808K [0x0000000400000000, 0x0000000800000000)
  region size 8192K, 76 young (622592K), 0 survivors (0K)
 Metaspace       used 21743K, committed 22208K, reserved 1073152K
  class space    used 2450K, committed 2688K, reserved 1048576K
}
Event: 131.897 GC heap after
{Heap after GC invocations=62 (full 25):
 garbage-first heap   total 1048576K, used 332277K [0x0000000400000000, 0x0000000800000000)
  region size 8192K, 1 young (8192K), 1 survivors (8192K)
 Metaspace       used 21743K, committed 22208K, reserved 1073152K
  class space    used 2450K, committed 2688K, reserved 1048576K
}
Event: 132.047 GC heap before
{Heap before GC invocations=62 (full 25):
 garbage-first heap   total 1048576K, used 897525K [0x0000000400000000, 0x0000000800000000)
  region size 8192K, 70 young (573440K), 1 survivors (8192K)
 Metaspace       used 21743K, committed 22208K, reserved 1073152K
  class space    used 2450K, committed 2688K, reserved 1048576K
}
Event: 132.048 GC heap after
{Heap after GC invocations=63 (full 25):
 garbage-first heap   total 1048576K, used 332275K [0x0000000400000000, 0x0000000800000000)
  region size 8192K, 1 young (8192K), 1 survivors (8192K)
 Metaspace       used 21743K, committed 22208K, reserved 1073152K
  class space    used 2450K, committed 2688K, reserved 1048576K
}
Event: 132.069 GC heap before
{Heap before GC invocations=63 (full 25):
 garbage-first heap   total 1048576K, used 406003K [0x0000000400000000, 0x0000000800000000)
  region size 8192K, 9 young (73728K), 1 survivors (8192K)
 Metaspace       used 21743K, committed 22208K, reserved 1073152K
  class space    used 2450K, committed 2688K, reserved 1048576K
}
Event: 132.078 GC heap after
{Heap after GC invocations=64 (full 26):
 garbage-first heap   total 1048576K, used 283107K [0x0000000400000000, 0x0000000800000000)
  region size 8192K, 0 young (0K), 0 survivors (0K)
 Metaspace       used 21743K, committed 22208K, reserved 1073152K
  class space    used 2450K, committed 2688K, reserved 1048576K
}
Event: 132.358 GC heap before
{Heap before GC invocations=64 (full 26):
 garbage-first heap   total 1048576K, used 995811K [0x0000000400000000, 0x0000000800000000)
  region size 8192K, 75 young (614400K), 0 survivors (0K)
 Metaspace       used 21743K, committed 22208K, reserved 1073152K
  class space    used 2450K, committed 2688K, reserved 1048576K
}
Event: 132.362 GC heap after
{Heap after GC invocations=65 (full 26):
 garbage-first heap   total 3145728K, used 348659K [0x0000000400000000, 0x0000000800000000)
  region size 8192K, 1 young (8192K), 1 survivors (8192K)
 Metaspace       used 21743K, committed 22208K, reserved 1073152K
  class space    used 2450K, committed 2688K, reserved 1048576K
}
Event: 132.613 GC heap before
{Heap before GC invocations=65 (full 26):
 garbage-first heap   total 3145728K, used 1004019K [0x0000000400000000, 0x0000000800000000)
  region size 8192K, 80 young (655360K), 1 survivors (8192K)
 Metaspace       used 21743K, committed 22208K, reserved 1073152K
  class space    used 2450K, committed 2688K, reserved 1048576K
}
Event: 132.628 GC heap after
{Heap after GC invocations=66 (full 27):
 garbage-first heap   total 1097728K, used 283109K [0x0000000400000000, 0x0000000800000000)
  region size 8192K, 0 young (0K), 0 survivors (0K)
 Metaspace       used 21743K, committed 22208K, reserved 1073152K
  class space    used 2450K, committed 2688K, reserved 1048576K
}
Event: 132.929 GC heap before
{Heap before GC invocations=66 (full 27):
 garbage-first heap   total 1097728K, used 1036773K [0x0000000400000000, 0x0000000800000000)
  region size 8192K, 79 young (647168K), 0 survivors (0K)
 Metaspace       used 21743K, committed 22208K, reserved 1073152K
  class space    used 2450K, committed 2688K, reserved 1048576K
}
Event: 132.930 GC heap after
{Heap after GC invocations=67 (full 27):
 garbage-first heap   total 1097728K, used 348662K [0x0000000400000000, 0x0000000800000000)
  region size 8192K, 1 young (8192K), 1 survivors (8192K)
 Metaspace       used 21743K, committed 22208K, reserved 1073152K
  class space    used 2450K, committed 2688K, reserved 1048576K
}
Event: 133.083 GC heap before
{Heap before GC invocations=67 (full 27):
 garbage-first heap   total 1097728K, used 922102K [0x0000000400000000, 0x0000000800000000)
  region size 8192K, 71 young (581632K), 1 survivors (8192K)
 Metaspace       used 21743K, committed 22208K, reserved 1073152K
  class space    used 2450K, committed 2688K, reserved 1048576K
}
Event: 133.084 GC heap after
{Heap after GC invocations=68 (full 27):
 garbage-first heap   total 1097728K, used 348665K [0x0000000400000000, 0x0000000800000000)
  region size 8192K, 1 young (8192K), 1 survivors (8192K)
 Metaspace       used 21743K, committed 22208K, reserved 1073152K
  class space    used 2450K, committed 2688K, reserved 1048576K
}
Event: 133.095 GC heap before
{Heap before GC invocations=68 (full 27):
 garbage-first heap   total 1097728K, used 389625K [0x0000000400000000, 0x0000000800000000)
  region size 8192K, 5 young (40960K), 1 survivors (8192K)
 Metaspace       used 21743K, committed 22208K, reserved 1073152K
  class space    used 2450K, committed 2688K, reserved 1048576K
}
Event: 133.104 GC heap after
{Heap after GC invocations=69 (full 28):
 garbage-first heap   total 1064960K, used 283106K [0x0000000400000000, 0x0000000800000000)
  region size 8192K, 0 young (0K), 0 survivors (0K)
 Metaspace       used 21743K, committed 22208K, reserved 1073152K
  class space    used 2450K, committed 2688K, reserved 1048576K
}

